{"E:\\For Me\\Job\\BG Sofia\\DreamShot\\renew\\vault-unlock-mini-game\\src\\main.ts": {"path":"E:\\For Me\\Job\\BG Sofia\\DreamShot\\renew\\vault-unlock-mini-game\\src\\main.ts","all":true,"statementMap":{"0":{"start":{"line":1,"column":0},"end":{"line":1,"column":45}},"1":{"start":{"line":2,"column":0},"end":{"line":2,"column":0}},"2":{"start":{"line":3,"column":0},"end":{"line":3,"column":22}},"3":{"start":{"line":4,"column":0},"end":{"line":4,"column":16}}},"s":{"0":0,"1":0,"2":0,"3":0},"branchMap":{"0":{"type":"branch","line":1,"loc":{"start":{"line":1,"column":0},"end":{"line":4,"column":16}},"locations":[{"start":{"line":1,"column":0},"end":{"line":4,"column":16}}]}},"b":{"0":[0]},"fnMap":{"0":{"name":"(empty-report)","decl":{"start":{"line":1,"column":0},"end":{"line":4,"column":16}},"loc":{"start":{"line":1,"column":0},"end":{"line":4,"column":16}},"line":1}},"f":{"0":0}}
,"E:\\For Me\\Job\\BG Sofia\\DreamShot\\renew\\vault-unlock-mini-game\\src\\game\\AssetManager.ts": {"path":"E:\\For Me\\Job\\BG Sofia\\DreamShot\\renew\\vault-unlock-mini-game\\src\\game\\AssetManager.ts","all":true,"statementMap":{"0":{"start":{"line":1,"column":0},"end":{"line":1,"column":42}},"1":{"start":{"line":2,"column":0},"end":{"line":2,"column":0}},"2":{"start":{"line":3,"column":0},"end":{"line":3,"column":27}},"3":{"start":{"line":4,"column":0},"end":{"line":4,"column":51}},"4":{"start":{"line":5,"column":0},"end":{"line":5,"column":2}},"5":{"start":{"line":6,"column":0},"end":{"line":6,"column":22}},"6":{"start":{"line":7,"column":0},"end":{"line":7,"column":24}},"7":{"start":{"line":8,"column":0},"end":{"line":8,"column":22}},"8":{"start":{"line":9,"column":0},"end":{"line":9,"column":24}},"9":{"start":{"line":10,"column":0},"end":{"line":10,"column":34}},"10":{"start":{"line":11,"column":0},"end":{"line":11,"column":28}},"11":{"start":{"line":12,"column":0},"end":{"line":12,"column":26}},"12":{"start":{"line":13,"column":0},"end":{"line":13,"column":32}},"13":{"start":{"line":14,"column":0},"end":{"line":14,"column":25}},"14":{"start":{"line":15,"column":0},"end":{"line":15,"column":6}},"15":{"start":{"line":16,"column":0},"end":{"line":16,"column":4}},"16":{"start":{"line":17,"column":0},"end":{"line":17,"column":51}},"17":{"start":{"line":18,"column":0},"end":{"line":18,"column":4}},"18":{"start":{"line":19,"column":0},"end":{"line":19,"column":44}},"19":{"start":{"line":20,"column":0},"end":{"line":20,"column":32}},"20":{"start":{"line":21,"column":0},"end":{"line":21,"column":55}},"21":{"start":{"line":22,"column":0},"end":{"line":22,"column":43}},"22":{"start":{"line":23,"column":0},"end":{"line":23,"column":7}},"23":{"start":{"line":24,"column":0},"end":{"line":24,"column":3}},"24":{"start":{"line":25,"column":0},"end":{"line":25,"column":2}},"25":{"start":{"line":26,"column":0},"end":{"line":26,"column":37}},"26":{"start":{"line":27,"column":0},"end":{"line":27,"column":42}},"27":{"start":{"line":28,"column":0},"end":{"line":28,"column":19}},"28":{"start":{"line":29,"column":0},"end":{"line":29,"column":51}},"29":{"start":{"line":30,"column":0},"end":{"line":30,"column":5}},"30":{"start":{"line":31,"column":0},"end":{"line":31,"column":19}},"31":{"start":{"line":32,"column":0},"end":{"line":32,"column":3}},"32":{"start":{"line":33,"column":0},"end":{"line":33,"column":2}},"33":{"start":{"line":34,"column":0},"end":{"line":34,"column":35}},"34":{"start":{"line":35,"column":0},"end":{"line":35,"column":33}},"35":{"start":{"line":36,"column":0},"end":{"line":36,"column":3}},"36":{"start":{"line":37,"column":0},"end":{"line":37,"column":1}}},"s":{"0":0,"1":0,"2":0,"3":0,"4":0,"5":0,"6":0,"7":0,"8":0,"9":0,"10":0,"11":0,"12":0,"13":0,"14":0,"15":0,"16":0,"17":0,"18":0,"19":0,"20":0,"21":0,"22":0,"23":0,"24":0,"25":0,"26":0,"27":0,"28":0,"29":0,"30":0,"31":0,"32":0,"33":0,"34":0,"35":0,"36":0},"branchMap":{"0":{"type":"branch","line":1,"loc":{"start":{"line":1,"column":0},"end":{"line":37,"column":1}},"locations":[{"start":{"line":1,"column":0},"end":{"line":37,"column":1}}]}},"b":{"0":[0]},"fnMap":{"0":{"name":"(empty-report)","decl":{"start":{"line":1,"column":0},"end":{"line":37,"column":1}},"loc":{"start":{"line":1,"column":0},"end":{"line":37,"column":1}},"line":1}},"f":{"0":0}}
,"E:\\For Me\\Job\\BG Sofia\\DreamShot\\renew\\vault-unlock-mini-game\\src\\game\\CombinationManager.ts": {"path":"E:\\For Me\\Job\\BG Sofia\\DreamShot\\renew\\vault-unlock-mini-game\\src\\game\\CombinationManager.ts","all":false,"statementMap":{"1":{"start":{"line":2,"column":0},"end":{"line":2,"column":46}},"3":{"start":{"line":4,"column":0},"end":{"line":4,"column":33}},"4":{"start":{"line":5,"column":0},"end":{"line":5,"column":41}},"5":{"start":{"line":6,"column":0},"end":{"line":6,"column":49}},"6":{"start":{"line":7,"column":0},"end":{"line":7,"column":31}},"8":{"start":{"line":9,"column":0},"end":{"line":9,"column":17}},"9":{"start":{"line":10,"column":0},"end":{"line":10,"column":26}},"10":{"start":{"line":11,"column":0},"end":{"line":11,"column":3}},"12":{"start":{"line":13,"column":0},"end":{"line":13,"column":20}},"13":{"start":{"line":14,"column":0},"end":{"line":14,"column":66}},"14":{"start":{"line":15,"column":0},"end":{"line":15,"column":62}},"15":{"start":{"line":16,"column":0},"end":{"line":16,"column":68}},"16":{"start":{"line":17,"column":0},"end":{"line":17,"column":8}},"18":{"start":{"line":19,"column":0},"end":{"line":19,"column":16}},"19":{"start":{"line":20,"column":0},"end":{"line":20,"column":16}},"20":{"start":{"line":21,"column":0},"end":{"line":21,"column":17}},"21":{"start":{"line":22,"column":0},"end":{"line":22,"column":81}},"22":{"start":{"line":23,"column":0},"end":{"line":23,"column":19}},"23":{"start":{"line":24,"column":0},"end":{"line":24,"column":6}},"24":{"start":{"line":25,"column":0},"end":{"line":25,"column":3}},"26":{"start":{"line":27,"column":0},"end":{"line":27,"column":50}},"27":{"start":{"line":28,"column":0},"end":{"line":28,"column":28}},"29":{"start":{"line":30,"column":0},"end":{"line":30,"column":61}},"32":{"start":{"line":33,"column":0},"end":{"line":33,"column":31}},"33":{"start":{"line":34,"column":0},"end":{"line":34,"column":20}},"34":{"start":{"line":35,"column":0},"end":{"line":35,"column":5}},"37":{"start":{"line":38,"column":0},"end":{"line":38,"column":49}},"38":{"start":{"line":39,"column":0},"end":{"line":39,"column":24}},"39":{"start":{"line":40,"column":0},"end":{"line":40,"column":5}},"42":{"start":{"line":43,"column":0},"end":{"line":43,"column":68}},"43":{"start":{"line":44,"column":0},"end":{"line":44,"column":30}},"46":{"start":{"line":47,"column":0},"end":{"line":47,"column":57}},"47":{"start":{"line":48,"column":0},"end":{"line":48,"column":23}},"48":{"start":{"line":49,"column":0},"end":{"line":49,"column":5}},"50":{"start":{"line":51,"column":0},"end":{"line":51,"column":22}},"51":{"start":{"line":52,"column":0},"end":{"line":52,"column":3}},"53":{"start":{"line":54,"column":0},"end":{"line":54,"column":11}},"54":{"start":{"line":55,"column":0},"end":{"line":55,"column":29}},"55":{"start":{"line":56,"column":0},"end":{"line":56,"column":30}},"56":{"start":{"line":57,"column":0},"end":{"line":57,"column":26}},"57":{"start":{"line":58,"column":0},"end":{"line":58,"column":3}},"58":{"start":{"line":59,"column":0},"end":{"line":59,"column":1}}},"s":{"1":1,"3":1,"4":4,"5":4,"6":4,"8":4,"9":4,"10":4,"12":4,"13":5,"14":15,"15":15,"16":5,"18":5,"19":5,"20":5,"21":5,"22":5,"23":5,"24":5,"26":4,"27":7,"29":7,"32":7,"33":1,"34":1,"37":7,"38":3,"39":3,"42":3,"43":3,"46":7,"47":1,"48":1,"50":2,"51":7,"53":4,"54":1,"55":1,"56":1,"57":1,"58":4},"branchMap":{"0":{"type":"branch","line":4,"loc":{"start":{"line":4,"column":7},"end":{"line":59,"column":1}},"locations":[{"start":{"line":4,"column":7},"end":{"line":59,"column":1}}]},"1":{"type":"branch","line":9,"loc":{"start":{"line":9,"column":2},"end":{"line":11,"column":3}},"locations":[{"start":{"line":9,"column":2},"end":{"line":11,"column":3}}]},"2":{"type":"branch","line":13,"loc":{"start":{"line":13,"column":2},"end":{"line":25,"column":3}},"locations":[{"start":{"line":13,"column":2},"end":{"line":25,"column":3}}]},"3":{"type":"branch","line":14,"loc":{"start":{"line":14,"column":58},"end":{"line":17,"column":6}},"locations":[{"start":{"line":14,"column":58},"end":{"line":17,"column":6}}]},"4":{"type":"branch","line":16,"loc":{"start":{"line":16,"column":27},"end":{"line":16,"column":37}},"locations":[{"start":{"line":16,"column":27},"end":{"line":16,"column":37}}]},"5":{"type":"branch","line":16,"loc":{"start":{"line":16,"column":33},"end":{"line":16,"column":68}},"locations":[{"start":{"line":16,"column":33},"end":{"line":16,"column":68}}]},"6":{"type":"branch","line":22,"loc":{"start":{"line":22,"column":13},"end":{"line":22,"column":80}},"locations":[{"start":{"line":22,"column":13},"end":{"line":22,"column":80}}]},"7":{"type":"branch","line":22,"loc":{"start":{"line":22,"column":42},"end":{"line":22,"column":60}},"locations":[{"start":{"line":22,"column":42},"end":{"line":22,"column":60}}]},"8":{"type":"branch","line":22,"loc":{"start":{"line":22,"column":46},"end":{"line":22,"column":78}},"locations":[{"start":{"line":22,"column":46},"end":{"line":22,"column":78}}]},"9":{"type":"branch","line":27,"loc":{"start":{"line":27,"column":2},"end":{"line":52,"column":3}},"locations":[{"start":{"line":27,"column":2},"end":{"line":52,"column":3}}]},"10":{"type":"branch","line":33,"loc":{"start":{"line":33,"column":30},"end":{"line":35,"column":5}},"locations":[{"start":{"line":33,"column":30},"end":{"line":35,"column":5}}]},"11":{"type":"branch","line":35,"loc":{"start":{"line":35,"column":4},"end":{"line":38,"column":48}},"locations":[{"start":{"line":35,"column":4},"end":{"line":38,"column":48}}]},"12":{"type":"branch","line":38,"loc":{"start":{"line":38,"column":48},"end":{"line":47,"column":56}},"locations":[{"start":{"line":38,"column":48},"end":{"line":47,"column":56}}]},"13":{"type":"branch","line":47,"loc":{"start":{"line":47,"column":56},"end":{"line":49,"column":5}},"locations":[{"start":{"line":47,"column":56},"end":{"line":49,"column":5}}]},"14":{"type":"branch","line":49,"loc":{"start":{"line":49,"column":4},"end":{"line":51,"column":22}},"locations":[{"start":{"line":49,"column":4},"end":{"line":51,"column":22}}]},"15":{"type":"branch","line":54,"loc":{"start":{"line":54,"column":2},"end":{"line":58,"column":3}},"locations":[{"start":{"line":54,"column":2},"end":{"line":58,"column":3}}]}},"b":{"0":[4],"1":[4],"2":[5],"3":[15],"4":[6],"5":[9],"6":[15],"7":[6],"8":[9],"9":[7],"10":[1],"11":[6],"12":[3],"13":[1],"14":[2],"15":[1]},"fnMap":{"0":{"name":"<instance_members_initializer>","decl":{"start":{"line":4,"column":7},"end":{"line":59,"column":1}},"loc":{"start":{"line":4,"column":7},"end":{"line":59,"column":1}},"line":4},"1":{"name":"CombinationManager","decl":{"start":{"line":9,"column":2},"end":{"line":11,"column":3}},"loc":{"start":{"line":9,"column":2},"end":{"line":11,"column":3}},"line":9},"2":{"name":"generateSecret","decl":{"start":{"line":13,"column":2},"end":{"line":25,"column":3}},"loc":{"start":{"line":13,"column":2},"end":{"line":25,"column":3}},"line":13},"3":{"name":"processStep","decl":{"start":{"line":27,"column":2},"end":{"line":52,"column":3}},"loc":{"start":{"line":27,"column":2},"end":{"line":52,"column":3}},"line":27},"4":{"name":"reset","decl":{"start":{"line":54,"column":2},"end":{"line":58,"column":3}},"loc":{"start":{"line":54,"column":2},"end":{"line":58,"column":3}},"line":54}},"f":{"0":4,"1":4,"2":5,"3":7,"4":1}}
,"E:\\For Me\\Job\\BG Sofia\\DreamShot\\renew\\vault-unlock-mini-game\\src\\game\\VaultDoor.ts": {"path":"E:\\For Me\\Job\\BG Sofia\\DreamShot\\renew\\vault-unlock-mini-game\\src\\game\\VaultDoor.ts","all":false,"statementMap":{"0":{"start":{"line":1,"column":0},"end":{"line":1,"column":44}},"1":{"start":{"line":2,"column":0},"end":{"line":2,"column":28}},"3":{"start":{"line":4,"column":0},"end":{"line":4,"column":37}},"5":{"start":{"line":6,"column":0},"end":{"line":6,"column":24}},"6":{"start":{"line":7,"column":0},"end":{"line":7,"column":30}},"8":{"start":{"line":9,"column":0},"end":{"line":9,"column":23}},"9":{"start":{"line":10,"column":0},"end":{"line":10,"column":27}},"10":{"start":{"line":11,"column":0},"end":{"line":11,"column":33}},"11":{"start":{"line":12,"column":0},"end":{"line":12,"column":24}},"13":{"start":{"line":14,"column":0},"end":{"line":14,"column":44}},"14":{"start":{"line":15,"column":0},"end":{"line":15,"column":37}},"17":{"start":{"line":18,"column":0},"end":{"line":18,"column":61}},"18":{"start":{"line":19,"column":0},"end":{"line":19,"column":30}},"19":{"start":{"line":20,"column":0},"end":{"line":20,"column":57}},"20":{"start":{"line":21,"column":0},"end":{"line":21,"column":39}},"23":{"start":{"line":24,"column":0},"end":{"line":24,"column":81}},"24":{"start":{"line":25,"column":0},"end":{"line":25,"column":40}},"25":{"start":{"line":26,"column":0},"end":{"line":26,"column":92}},"26":{"start":{"line":27,"column":0},"end":{"line":27,"column":40}},"27":{"start":{"line":28,"column":0},"end":{"line":28,"column":49}},"30":{"start":{"line":31,"column":0},"end":{"line":31,"column":69}},"31":{"start":{"line":32,"column":0},"end":{"line":32,"column":34}},"32":{"start":{"line":33,"column":0},"end":{"line":33,"column":82}},"33":{"start":{"line":34,"column":0},"end":{"line":34,"column":34}},"34":{"start":{"line":35,"column":0},"end":{"line":35,"column":43}},"37":{"start":{"line":38,"column":0},"end":{"line":38,"column":63}},"38":{"start":{"line":39,"column":0},"end":{"line":39,"column":31}},"39":{"start":{"line":40,"column":0},"end":{"line":40,"column":60}},"40":{"start":{"line":41,"column":0},"end":{"line":41,"column":31}},"41":{"start":{"line":42,"column":0},"end":{"line":42,"column":40}},"42":{"start":{"line":43,"column":0},"end":{"line":43,"column":3}},"44":{"start":{"line":45,"column":0},"end":{"line":45,"column":25}},"45":{"start":{"line":46,"column":0},"end":{"line":46,"column":30}},"46":{"start":{"line":47,"column":0},"end":{"line":47,"column":33}},"47":{"start":{"line":48,"column":0},"end":{"line":48,"column":39}},"50":{"start":{"line":51,"column":0},"end":{"line":51,"column":44}},"51":{"start":{"line":52,"column":0},"end":{"line":52,"column":21}},"52":{"start":{"line":53,"column":0},"end":{"line":53,"column":35}},"54":{"start":{"line":55,"column":0},"end":{"line":55,"column":49}},"55":{"start":{"line":56,"column":0},"end":{"line":56,"column":55}},"57":{"start":{"line":58,"column":0},"end":{"line":58,"column":31}},"58":{"start":{"line":59,"column":0},"end":{"line":59,"column":37}},"60":{"start":{"line":61,"column":0},"end":{"line":61,"column":43}},"61":{"start":{"line":62,"column":0},"end":{"line":62,"column":51}},"62":{"start":{"line":63,"column":0},"end":{"line":63,"column":10}},"63":{"start":{"line":64,"column":0},"end":{"line":64,"column":22}},"64":{"start":{"line":65,"column":0},"end":{"line":65,"column":24}},"65":{"start":{"line":66,"column":0},"end":{"line":66,"column":38}},"66":{"start":{"line":67,"column":0},"end":{"line":67,"column":29}},"67":{"start":{"line":68,"column":0},"end":{"line":68,"column":11}},"68":{"start":{"line":69,"column":0},"end":{"line":69,"column":9}},"69":{"start":{"line":70,"column":0},"end":{"line":70,"column":5}},"71":{"start":{"line":72,"column":0},"end":{"line":72,"column":33}},"72":{"start":{"line":73,"column":0},"end":{"line":73,"column":30}},"73":{"start":{"line":74,"column":0},"end":{"line":74,"column":25}},"76":{"start":{"line":77,"column":0},"end":{"line":77,"column":43}},"77":{"start":{"line":78,"column":0},"end":{"line":78,"column":27}},"78":{"start":{"line":79,"column":0},"end":{"line":79,"column":17}},"79":{"start":{"line":80,"column":0},"end":{"line":80,"column":19}},"80":{"start":{"line":81,"column":0},"end":{"line":81,"column":18}},"81":{"start":{"line":82,"column":0},"end":{"line":82,"column":22}},"82":{"start":{"line":83,"column":0},"end":{"line":83,"column":27}},"83":{"start":{"line":84,"column":0},"end":{"line":84,"column":35}},"84":{"start":{"line":85,"column":0},"end":{"line":85,"column":18}},"85":{"start":{"line":86,"column":0},"end":{"line":86,"column":9}},"86":{"start":{"line":87,"column":0},"end":{"line":87,"column":9}},"87":{"start":{"line":88,"column":0},"end":{"line":88,"column":7}},"88":{"start":{"line":89,"column":0},"end":{"line":89,"column":3}},"90":{"start":{"line":91,"column":0},"end":{"line":91,"column":11}},"91":{"start":{"line":92,"column":0},"end":{"line":92,"column":29}},"92":{"start":{"line":93,"column":0},"end":{"line":93,"column":34}},"93":{"start":{"line":94,"column":0},"end":{"line":94,"column":40}},"94":{"start":{"line":95,"column":0},"end":{"line":95,"column":31}},"97":{"start":{"line":98,"column":0},"end":{"line":98,"column":31}},"98":{"start":{"line":99,"column":0},"end":{"line":99,"column":37}},"99":{"start":{"line":100,"column":0},"end":{"line":100,"column":3}},"100":{"start":{"line":101,"column":0},"end":{"line":101,"column":1}}},"s":{"0":1,"1":1,"3":1,"5":1,"6":4,"8":4,"9":4,"10":4,"11":4,"13":4,"14":4,"17":4,"18":4,"19":4,"20":4,"23":4,"24":4,"25":4,"26":4,"27":4,"30":4,"31":4,"32":4,"33":4,"34":4,"37":4,"38":4,"39":4,"40":4,"41":4,"42":4,"44":4,"45":1,"46":1,"47":1,"50":1,"51":1,"52":1,"54":1,"55":1,"57":1,"58":1,"60":1,"61":1,"62":1,"63":1,"64":1,"65":1,"66":1,"67":1,"68":1,"69":1,"71":4,"72":1,"73":1,"76":1,"77":1,"78":1,"79":1,"80":1,"81":1,"82":1,"83":1,"84":1,"85":1,"86":1,"87":1,"88":1,"90":4,"91":1,"92":1,"93":1,"94":1,"97":1,"98":1,"99":1,"100":4},"branchMap":{"0":{"type":"branch","line":6,"loc":{"start":{"line":6,"column":7},"end":{"line":101,"column":1}},"locations":[{"start":{"line":6,"column":7},"end":{"line":101,"column":1}}]},"1":{"type":"branch","line":14,"loc":{"start":{"line":14,"column":2},"end":{"line":43,"column":3}},"locations":[{"start":{"line":14,"column":2},"end":{"line":43,"column":3}}]},"2":{"type":"branch","line":45,"loc":{"start":{"line":45,"column":2},"end":{"line":70,"column":5}},"locations":[{"start":{"line":45,"column":2},"end":{"line":70,"column":5}}]},"3":{"type":"branch","line":61,"loc":{"start":{"line":61,"column":29},"end":{"line":69,"column":7}},"locations":[{"start":{"line":61,"column":29},"end":{"line":69,"column":7}}]},"4":{"type":"branch","line":72,"loc":{"start":{"line":72,"column":2},"end":{"line":89,"column":3}},"locations":[{"start":{"line":72,"column":2},"end":{"line":89,"column":3}}]},"5":{"type":"branch","line":77,"loc":{"start":{"line":77,"column":29},"end":{"line":88,"column":5}},"locations":[{"start":{"line":77,"column":29},"end":{"line":88,"column":5}}]},"6":{"type":"branch","line":83,"loc":{"start":{"line":83,"column":20},"end":{"line":86,"column":9}},"locations":[{"start":{"line":83,"column":20},"end":{"line":86,"column":9}}]},"7":{"type":"branch","line":91,"loc":{"start":{"line":91,"column":2},"end":{"line":100,"column":3}},"locations":[{"start":{"line":91,"column":2},"end":{"line":100,"column":3}}]}},"b":{"0":[4],"1":[4],"2":[1],"3":[1],"4":[1],"5":[1],"6":[1],"7":[1]},"fnMap":{"0":{"name":"<instance_members_initializer>","decl":{"start":{"line":6,"column":7},"end":{"line":101,"column":1}},"loc":{"start":{"line":6,"column":7},"end":{"line":101,"column":1}},"line":6},"1":{"name":"VaultDoor","decl":{"start":{"line":14,"column":2},"end":{"line":43,"column":3}},"loc":{"start":{"line":14,"column":2},"end":{"line":43,"column":3}},"line":14},"2":{"name":"open","decl":{"start":{"line":45,"column":2},"end":{"line":70,"column":5}},"loc":{"start":{"line":45,"column":2},"end":{"line":70,"column":5}},"line":45},"3":{"name":"showTreasure","decl":{"start":{"line":72,"column":2},"end":{"line":89,"column":3}},"loc":{"start":{"line":72,"column":2},"end":{"line":89,"column":3}},"line":72},"4":{"name":"onComplete","decl":{"start":{"line":83,"column":20},"end":{"line":86,"column":9}},"loc":{"start":{"line":83,"column":20},"end":{"line":86,"column":9}},"line":83},"5":{"name":"reset","decl":{"start":{"line":91,"column":2},"end":{"line":100,"column":3}},"loc":{"start":{"line":91,"column":2},"end":{"line":100,"column":3}},"line":91}},"f":{"0":4,"1":4,"2":1,"3":1,"4":1,"5":1}}
,"E:\\For Me\\Job\\BG Sofia\\DreamShot\\renew\\vault-unlock-mini-game\\src\\game\\VaultGame.ts": {"path":"E:\\For Me\\Job\\BG Sofia\\DreamShot\\renew\\vault-unlock-mini-game\\src\\game\\VaultGame.ts","all":true,"statementMap":{"0":{"start":{"line":1,"column":0},"end":{"line":1,"column":63}},"1":{"start":{"line":2,"column":0},"end":{"line":2,"column":36}},"2":{"start":{"line":3,"column":0},"end":{"line":3,"column":46}},"3":{"start":{"line":4,"column":0},"end":{"line":4,"column":40}},"4":{"start":{"line":5,"column":0},"end":{"line":5,"column":44}},"5":{"start":{"line":6,"column":0},"end":{"line":6,"column":58}},"6":{"start":{"line":7,"column":0},"end":{"line":7,"column":24}},"7":{"start":{"line":8,"column":0},"end":{"line":8,"column":0}},"8":{"start":{"line":9,"column":0},"end":{"line":9,"column":24}},"9":{"start":{"line":10,"column":0},"end":{"line":10,"column":22}},"10":{"start":{"line":11,"column":0},"end":{"line":11,"column":28}},"11":{"start":{"line":12,"column":0},"end":{"line":12,"column":28}},"12":{"start":{"line":13,"column":0},"end":{"line":13,"column":46}},"13":{"start":{"line":14,"column":0},"end":{"line":14,"column":0}},"14":{"start":{"line":15,"column":0},"end":{"line":15,"column":15}},"15":{"start":{"line":16,"column":0},"end":{"line":16,"column":38}},"16":{"start":{"line":17,"column":0},"end":{"line":17,"column":27}},"17":{"start":{"line":18,"column":0},"end":{"line":18,"column":31}},"18":{"start":{"line":19,"column":0},"end":{"line":19,"column":50}},"19":{"start":{"line":20,"column":0},"end":{"line":20,"column":0}},"20":{"start":{"line":21,"column":0},"end":{"line":21,"column":10}},"21":{"start":{"line":22,"column":0},"end":{"line":22,"column":26}},"22":{"start":{"line":23,"column":0},"end":{"line":23,"column":24}},"23":{"start":{"line":24,"column":0},"end":{"line":24,"column":0}},"24":{"start":{"line":25,"column":0},"end":{"line":25,"column":17}},"25":{"start":{"line":26,"column":0},"end":{"line":26,"column":16}},"26":{"start":{"line":27,"column":0},"end":{"line":27,"column":3}},"27":{"start":{"line":28,"column":0},"end":{"line":28,"column":0}},"28":{"start":{"line":29,"column":0},"end":{"line":29,"column":24}},"29":{"start":{"line":30,"column":0},"end":{"line":30,"column":33}},"30":{"start":{"line":31,"column":0},"end":{"line":31,"column":25}},"31":{"start":{"line":32,"column":0},"end":{"line":32,"column":23}},"32":{"start":{"line":33,"column":0},"end":{"line":33,"column":28}},"33":{"start":{"line":34,"column":0},"end":{"line":34,"column":22}},"34":{"start":{"line":35,"column":0},"end":{"line":35,"column":7}},"35":{"start":{"line":36,"column":0},"end":{"line":36,"column":0}},"36":{"start":{"line":37,"column":0},"end":{"line":37,"column":76}},"37":{"start":{"line":38,"column":0},"end":{"line":38,"column":0}},"38":{"start":{"line":39,"column":0},"end":{"line":39,"column":33}},"39":{"start":{"line":40,"column":0},"end":{"line":40,"column":40}},"40":{"start":{"line":41,"column":0},"end":{"line":41,"column":0}},"41":{"start":{"line":42,"column":0},"end":{"line":42,"column":28}},"42":{"start":{"line":43,"column":0},"end":{"line":43,"column":43}},"43":{"start":{"line":44,"column":0},"end":{"line":44,"column":41}},"44":{"start":{"line":45,"column":0},"end":{"line":45,"column":4}},"45":{"start":{"line":46,"column":0},"end":{"line":46,"column":21}},"46":{"start":{"line":47,"column":0},"end":{"line":47,"column":77}},"47":{"start":{"line":48,"column":0},"end":{"line":48,"column":31}},"48":{"start":{"line":49,"column":0},"end":{"line":49,"column":36}},"49":{"start":{"line":50,"column":0},"end":{"line":50,"column":4}},"50":{"start":{"line":51,"column":0},"end":{"line":51,"column":49}},"51":{"start":{"line":52,"column":0},"end":{"line":52,"column":45}},"52":{"start":{"line":53,"column":0},"end":{"line":53,"column":4}},"53":{"start":{"line":54,"column":0},"end":{"line":54,"column":53}},"54":{"start":{"line":55,"column":0},"end":{"line":55,"column":60}},"55":{"start":{"line":56,"column":0},"end":{"line":56,"column":47}},"56":{"start":{"line":57,"column":0},"end":{"line":57,"column":4}},"57":{"start":{"line":58,"column":0},"end":{"line":58,"column":55}},"58":{"start":{"line":59,"column":0},"end":{"line":59,"column":4}},"59":{"start":{"line":60,"column":0},"end":{"line":60,"column":20}},"60":{"start":{"line":61,"column":0},"end":{"line":61,"column":18}},"61":{"start":{"line":62,"column":0},"end":{"line":62,"column":4}},"62":{"start":{"line":63,"column":0},"end":{"line":63,"column":60}},"63":{"start":{"line":64,"column":0},"end":{"line":64,"column":67}},"64":{"start":{"line":65,"column":0},"end":{"line":65,"column":71}},"65":{"start":{"line":66,"column":0},"end":{"line":66,"column":4}},"66":{"start":{"line":67,"column":0},"end":{"line":67,"column":52}},"67":{"start":{"line":68,"column":0},"end":{"line":68,"column":59}},"68":{"start":{"line":69,"column":0},"end":{"line":69,"column":0}},"69":{"start":{"line":70,"column":0},"end":{"line":70,"column":33}},"70":{"start":{"line":71,"column":0},"end":{"line":71,"column":3}},"71":{"start":{"line":72,"column":0},"end":{"line":72,"column":0}},"72":{"start":{"line":73,"column":0},"end":{"line":73,"column":20}},"73":{"start":{"line":74,"column":0},"end":{"line":74,"column":36}},"74":{"start":{"line":75,"column":0},"end":{"line":75,"column":37}},"75":{"start":{"line":76,"column":0},"end":{"line":76,"column":0}},"76":{"start":{"line":77,"column":0},"end":{"line":77,"column":39}},"77":{"start":{"line":78,"column":0},"end":{"line":78,"column":62}},"78":{"start":{"line":79,"column":0},"end":{"line":79,"column":65}},"79":{"start":{"line":80,"column":0},"end":{"line":80,"column":4}},"80":{"start":{"line":81,"column":0},"end":{"line":81,"column":32}},"81":{"start":{"line":82,"column":0},"end":{"line":82,"column":37}},"82":{"start":{"line":83,"column":0},"end":{"line":83,"column":42}},"83":{"start":{"line":84,"column":0},"end":{"line":84,"column":4}},"84":{"start":{"line":85,"column":0},"end":{"line":85,"column":32}},"85":{"start":{"line":86,"column":0},"end":{"line":86,"column":24}},"86":{"start":{"line":87,"column":0},"end":{"line":87,"column":41}},"87":{"start":{"line":88,"column":0},"end":{"line":88,"column":5}},"88":{"start":{"line":89,"column":0},"end":{"line":89,"column":4}},"89":{"start":{"line":90,"column":0},"end":{"line":90,"column":28}},"90":{"start":{"line":91,"column":0},"end":{"line":91,"column":22}},"91":{"start":{"line":92,"column":0},"end":{"line":92,"column":3}},"92":{"start":{"line":93,"column":0},"end":{"line":93,"column":0}},"93":{"start":{"line":94,"column":0},"end":{"line":94,"column":39}},"94":{"start":{"line":95,"column":0},"end":{"line":95,"column":47}},"95":{"start":{"line":96,"column":0},"end":{"line":96,"column":4}},"96":{"start":{"line":97,"column":0},"end":{"line":97,"column":60}},"97":{"start":{"line":98,"column":0},"end":{"line":98,"column":4}},"98":{"start":{"line":99,"column":0},"end":{"line":99,"column":28}},"99":{"start":{"line":100,"column":0},"end":{"line":100,"column":18}},"100":{"start":{"line":101,"column":0},"end":{"line":101,"column":38}},"101":{"start":{"line":102,"column":0},"end":{"line":102,"column":21}},"102":{"start":{"line":103,"column":0},"end":{"line":103,"column":5}},"103":{"start":{"line":104,"column":0},"end":{"line":104,"column":3}},"104":{"start":{"line":105,"column":0},"end":{"line":105,"column":0}},"105":{"start":{"line":106,"column":0},"end":{"line":106,"column":27}},"106":{"start":{"line":107,"column":0},"end":{"line":107,"column":35}},"107":{"start":{"line":108,"column":0},"end":{"line":108,"column":42}},"108":{"start":{"line":109,"column":0},"end":{"line":109,"column":27}},"109":{"start":{"line":110,"column":0},"end":{"line":110,"column":34}},"110":{"start":{"line":111,"column":0},"end":{"line":111,"column":67}},"111":{"start":{"line":112,"column":0},"end":{"line":112,"column":35}},"112":{"start":{"line":113,"column":0},"end":{"line":113,"column":4}},"113":{"start":{"line":114,"column":0},"end":{"line":114,"column":47}},"114":{"start":{"line":115,"column":0},"end":{"line":115,"column":41}},"115":{"start":{"line":116,"column":0},"end":{"line":116,"column":27}},"116":{"start":{"line":117,"column":0},"end":{"line":117,"column":3}},"117":{"start":{"line":118,"column":0},"end":{"line":118,"column":0}},"118":{"start":{"line":119,"column":0},"end":{"line":119,"column":24}},"119":{"start":{"line":120,"column":0},"end":{"line":120,"column":37}},"120":{"start":{"line":121,"column":0},"end":{"line":121,"column":34}},"121":{"start":{"line":122,"column":0},"end":{"line":122,"column":28}},"122":{"start":{"line":123,"column":0},"end":{"line":123,"column":3}},"123":{"start":{"line":124,"column":0},"end":{"line":124,"column":0}},"124":{"start":{"line":125,"column":0},"end":{"line":125,"column":40}},"125":{"start":{"line":126,"column":0},"end":{"line":126,"column":83}},"126":{"start":{"line":127,"column":0},"end":{"line":127,"column":37}},"127":{"start":{"line":128,"column":0},"end":{"line":128,"column":0}},"128":{"start":{"line":129,"column":0},"end":{"line":129,"column":22}},"129":{"start":{"line":130,"column":0},"end":{"line":130,"column":24}},"130":{"start":{"line":131,"column":0},"end":{"line":131,"column":36}},"131":{"start":{"line":132,"column":0},"end":{"line":132,"column":4}},"132":{"start":{"line":133,"column":0},"end":{"line":133,"column":32}},"133":{"start":{"line":134,"column":0},"end":{"line":134,"column":41}},"134":{"start":{"line":135,"column":0},"end":{"line":135,"column":4}},"135":{"start":{"line":136,"column":0},"end":{"line":136,"column":22}},"136":{"start":{"line":137,"column":0},"end":{"line":137,"column":33}},"137":{"start":{"line":138,"column":0},"end":{"line":138,"column":3}},"138":{"start":{"line":139,"column":0},"end":{"line":139,"column":0}},"139":{"start":{"line":140,"column":0},"end":{"line":140,"column":22}},"140":{"start":{"line":141,"column":0},"end":{"line":141,"column":30}},"141":{"start":{"line":142,"column":0},"end":{"line":142,"column":20}},"142":{"start":{"line":143,"column":0},"end":{"line":143,"column":14}},"143":{"start":{"line":144,"column":0},"end":{"line":144,"column":22}},"144":{"start":{"line":145,"column":0},"end":{"line":145,"column":28}},"145":{"start":{"line":146,"column":0},"end":{"line":146,"column":21}},"146":{"start":{"line":147,"column":0},"end":{"line":147,"column":8}},"147":{"start":{"line":148,"column":0},"end":{"line":148,"column":7}},"148":{"start":{"line":149,"column":0},"end":{"line":149,"column":35}},"149":{"start":{"line":150,"column":0},"end":{"line":150,"column":39}},"150":{"start":{"line":151,"column":0},"end":{"line":151,"column":43}},"151":{"start":{"line":152,"column":0},"end":{"line":152,"column":22}},"152":{"start":{"line":153,"column":0},"end":{"line":153,"column":0}},"153":{"start":{"line":154,"column":0},"end":{"line":154,"column":31}},"154":{"start":{"line":155,"column":0},"end":{"line":155,"column":49}},"155":{"start":{"line":156,"column":0},"end":{"line":156,"column":66}},"156":{"start":{"line":157,"column":0},"end":{"line":157,"column":53}},"157":{"start":{"line":158,"column":0},"end":{"line":158,"column":7}},"158":{"start":{"line":159,"column":0},"end":{"line":159,"column":3}},"159":{"start":{"line":160,"column":0},"end":{"line":160,"column":0}},"160":{"start":{"line":161,"column":0},"end":{"line":161,"column":24}},"161":{"start":{"line":162,"column":0},"end":{"line":162,"column":39}},"162":{"start":{"line":163,"column":0},"end":{"line":163,"column":3}},"163":{"start":{"line":164,"column":0},"end":{"line":164,"column":0}},"164":{"start":{"line":165,"column":0},"end":{"line":165,"column":49}},"165":{"start":{"line":166,"column":0},"end":{"line":166,"column":51}},"166":{"start":{"line":167,"column":0},"end":{"line":167,"column":43}},"167":{"start":{"line":168,"column":0},"end":{"line":168,"column":41}},"168":{"start":{"line":169,"column":0},"end":{"line":169,"column":7}},"169":{"start":{"line":170,"column":0},"end":{"line":170,"column":3}},"170":{"start":{"line":171,"column":0},"end":{"line":171,"column":1}}},"s":{"0":0,"1":0,"2":0,"3":0,"4":0,"5":0,"6":0,"7":0,"8":0,"9":0,"10":0,"11":0,"12":0,"13":0,"14":0,"15":0,"16":0,"17":0,"18":0,"19":0,"20":0,"21":0,"22":0,"23":0,"24":0,"25":0,"26":0,"27":0,"28":0,"29":0,"30":0,"31":0,"32":0,"33":0,"34":0,"35":0,"36":0,"37":0,"38":0,"39":0,"40":0,"41":0,"42":0,"43":0,"44":0,"45":0,"46":0,"47":0,"48":0,"49":0,"50":0,"51":0,"52":0,"53":0,"54":0,"55":0,"56":0,"57":0,"58":0,"59":0,"60":0,"61":0,"62":0,"63":0,"64":0,"65":0,"66":0,"67":0,"68":0,"69":0,"70":0,"71":0,"72":0,"73":0,"74":0,"75":0,"76":0,"77":0,"78":0,"79":0,"80":0,"81":0,"82":0,"83":0,"84":0,"85":0,"86":0,"87":0,"88":0,"89":0,"90":0,"91":0,"92":0,"93":0,"94":0,"95":0,"96":0,"97":0,"98":0,"99":0,"100":0,"101":0,"102":0,"103":0,"104":0,"105":0,"106":0,"107":0,"108":0,"109":0,"110":0,"111":0,"112":0,"113":0,"114":0,"115":0,"116":0,"117":0,"118":0,"119":0,"120":0,"121":0,"122":0,"123":0,"124":0,"125":0,"126":0,"127":0,"128":0,"129":0,"130":0,"131":0,"132":0,"133":0,"134":0,"135":0,"136":0,"137":0,"138":0,"139":0,"140":0,"141":0,"142":0,"143":0,"144":0,"145":0,"146":0,"147":0,"148":0,"149":0,"150":0,"151":0,"152":0,"153":0,"154":0,"155":0,"156":0,"157":0,"158":0,"159":0,"160":0,"161":0,"162":0,"163":0,"164":0,"165":0,"166":0,"167":0,"168":0,"169":0,"170":0},"branchMap":{"0":{"type":"branch","line":1,"loc":{"start":{"line":1,"column":0},"end":{"line":171,"column":1}},"locations":[{"start":{"line":1,"column":0},"end":{"line":171,"column":1}}]}},"b":{"0":[0]},"fnMap":{"0":{"name":"(empty-report)","decl":{"start":{"line":1,"column":0},"end":{"line":171,"column":1}},"loc":{"start":{"line":1,"column":0},"end":{"line":171,"column":1}},"line":1}},"f":{"0":0}}
,"E:\\For Me\\Job\\BG Sofia\\DreamShot\\renew\\vault-unlock-mini-game\\src\\game\\VaultHandle.ts": {"path":"E:\\For Me\\Job\\BG Sofia\\DreamShot\\renew\\vault-unlock-mini-game\\src\\game\\VaultHandle.ts","all":false,"statementMap":{"0":{"start":{"line":1,"column":0},"end":{"line":1,"column":73}},"1":{"start":{"line":2,"column":0},"end":{"line":2,"column":28}},"4":{"start":{"line":5,"column":0},"end":{"line":5,"column":49}},"8":{"start":{"line":9,"column":0},"end":{"line":9,"column":26}},"9":{"start":{"line":10,"column":0},"end":{"line":10,"column":30}},"11":{"start":{"line":12,"column":0},"end":{"line":12,"column":31}},"12":{"start":{"line":13,"column":0},"end":{"line":13,"column":31}},"13":{"start":{"line":14,"column":0},"end":{"line":14,"column":26}},"14":{"start":{"line":15,"column":0},"end":{"line":15,"column":27}},"16":{"start":{"line":17,"column":0},"end":{"line":17,"column":62}},"18":{"start":{"line":19,"column":0},"end":{"line":19,"column":43}},"19":{"start":{"line":20,"column":0},"end":{"line":20,"column":37}},"22":{"start":{"line":23,"column":0},"end":{"line":23,"column":77}},"23":{"start":{"line":24,"column":0},"end":{"line":24,"column":38}},"24":{"start":{"line":25,"column":0},"end":{"line":25,"column":81}},"25":{"start":{"line":26,"column":0},"end":{"line":26,"column":47}},"28":{"start":{"line":29,"column":0},"end":{"line":29,"column":81}},"29":{"start":{"line":30,"column":0},"end":{"line":30,"column":32}},"30":{"start":{"line":31,"column":0},"end":{"line":31,"column":63}},"31":{"start":{"line":32,"column":0},"end":{"line":32,"column":35}},"32":{"start":{"line":33,"column":0},"end":{"line":33,"column":34}},"33":{"start":{"line":34,"column":0},"end":{"line":34,"column":52}},"34":{"start":{"line":35,"column":0},"end":{"line":35,"column":58}},"35":{"start":{"line":36,"column":0},"end":{"line":36,"column":57}},"36":{"start":{"line":37,"column":0},"end":{"line":37,"column":41}},"39":{"start":{"line":40,"column":0},"end":{"line":40,"column":28}},"42":{"start":{"line":43,"column":0},"end":{"line":43,"column":24}},"43":{"start":{"line":44,"column":0},"end":{"line":44,"column":20}},"44":{"start":{"line":45,"column":0},"end":{"line":45,"column":26}},"45":{"start":{"line":46,"column":0},"end":{"line":46,"column":19}},"46":{"start":{"line":47,"column":0},"end":{"line":47,"column":34}},"47":{"start":{"line":48,"column":0},"end":{"line":48,"column":23}},"48":{"start":{"line":49,"column":0},"end":{"line":49,"column":33}},"49":{"start":{"line":50,"column":0},"end":{"line":50,"column":24}},"50":{"start":{"line":51,"column":0},"end":{"line":51,"column":27}},"51":{"start":{"line":52,"column":0},"end":{"line":52,"column":6}},"54":{"start":{"line":55,"column":0},"end":{"line":55,"column":31}},"55":{"start":{"line":56,"column":0},"end":{"line":56,"column":16}},"56":{"start":{"line":57,"column":0},"end":{"line":57,"column":23}},"57":{"start":{"line":58,"column":0},"end":{"line":58,"column":7}},"58":{"start":{"line":59,"column":0},"end":{"line":59,"column":35}},"59":{"start":{"line":60,"column":0},"end":{"line":60,"column":35}},"60":{"start":{"line":61,"column":0},"end":{"line":61,"column":44}},"63":{"start":{"line":64,"column":0},"end":{"line":64,"column":32}},"64":{"start":{"line":65,"column":0},"end":{"line":65,"column":16}},"65":{"start":{"line":66,"column":0},"end":{"line":66,"column":23}},"66":{"start":{"line":67,"column":0},"end":{"line":67,"column":7}},"67":{"start":{"line":68,"column":0},"end":{"line":68,"column":36}},"68":{"start":{"line":69,"column":0},"end":{"line":69,"column":36}},"69":{"start":{"line":70,"column":0},"end":{"line":70,"column":45}},"70":{"start":{"line":71,"column":0},"end":{"line":71,"column":3}},"72":{"start":{"line":73,"column":0},"end":{"line":73,"column":30}},"73":{"start":{"line":74,"column":0},"end":{"line":74,"column":25}},"74":{"start":{"line":75,"column":0},"end":{"line":75,"column":22}},"75":{"start":{"line":76,"column":0},"end":{"line":76,"column":26}},"76":{"start":{"line":77,"column":0},"end":{"line":77,"column":19}},"77":{"start":{"line":78,"column":0},"end":{"line":78,"column":34}},"78":{"start":{"line":79,"column":0},"end":{"line":79,"column":23}},"79":{"start":{"line":80,"column":0},"end":{"line":80,"column":33}},"80":{"start":{"line":81,"column":0},"end":{"line":81,"column":24}},"81":{"start":{"line":82,"column":0},"end":{"line":82,"column":27}},"82":{"start":{"line":83,"column":0},"end":{"line":83,"column":6}},"84":{"start":{"line":85,"column":0},"end":{"line":85,"column":29}},"87":{"start":{"line":88,"column":0},"end":{"line":88,"column":33}},"88":{"start":{"line":89,"column":0},"end":{"line":89,"column":18}},"89":{"start":{"line":90,"column":0},"end":{"line":90,"column":24}},"90":{"start":{"line":91,"column":0},"end":{"line":91,"column":7}},"91":{"start":{"line":92,"column":0},"end":{"line":92,"column":34}},"92":{"start":{"line":93,"column":0},"end":{"line":93,"column":46}},"93":{"start":{"line":94,"column":0},"end":{"line":94,"column":37}},"96":{"start":{"line":97,"column":0},"end":{"line":97,"column":34}},"97":{"start":{"line":98,"column":0},"end":{"line":98,"column":17}},"98":{"start":{"line":99,"column":0},"end":{"line":99,"column":24}},"99":{"start":{"line":100,"column":0},"end":{"line":100,"column":7}},"100":{"start":{"line":101,"column":0},"end":{"line":101,"column":35}},"101":{"start":{"line":102,"column":0},"end":{"line":102,"column":46}},"102":{"start":{"line":103,"column":0},"end":{"line":103,"column":38}},"105":{"start":{"line":106,"column":0},"end":{"line":106,"column":32}},"106":{"start":{"line":107,"column":0},"end":{"line":107,"column":27}},"107":{"start":{"line":108,"column":0},"end":{"line":108,"column":14}},"108":{"start":{"line":109,"column":0},"end":{"line":109,"column":23}},"109":{"start":{"line":110,"column":0},"end":{"line":110,"column":20}},"110":{"start":{"line":111,"column":0},"end":{"line":111,"column":7}},"111":{"start":{"line":112,"column":0},"end":{"line":112,"column":7}},"112":{"start":{"line":113,"column":0},"end":{"line":113,"column":33}},"113":{"start":{"line":114,"column":0},"end":{"line":114,"column":45}},"114":{"start":{"line":115,"column":0},"end":{"line":115,"column":36}},"117":{"start":{"line":118,"column":0},"end":{"line":118,"column":35}},"118":{"start":{"line":119,"column":0},"end":{"line":119,"column":27}},"119":{"start":{"line":120,"column":0},"end":{"line":120,"column":14}},"120":{"start":{"line":121,"column":0},"end":{"line":121,"column":23}},"121":{"start":{"line":122,"column":0},"end":{"line":122,"column":20}},"122":{"start":{"line":123,"column":0},"end":{"line":123,"column":7}},"123":{"start":{"line":124,"column":0},"end":{"line":124,"column":7}},"124":{"start":{"line":125,"column":0},"end":{"line":125,"column":36}},"125":{"start":{"line":126,"column":0},"end":{"line":126,"column":47}},"126":{"start":{"line":127,"column":0},"end":{"line":127,"column":39}},"127":{"start":{"line":128,"column":0},"end":{"line":128,"column":3}},"129":{"start":{"line":130,"column":0},"end":{"line":130,"column":55}},"130":{"start":{"line":131,"column":0},"end":{"line":131,"column":50}},"131":{"start":{"line":132,"column":0},"end":{"line":132,"column":70}},"133":{"start":{"line":134,"column":0},"end":{"line":134,"column":34}},"135":{"start":{"line":136,"column":0},"end":{"line":136,"column":26}},"136":{"start":{"line":137,"column":0},"end":{"line":137,"column":40}},"137":{"start":{"line":138,"column":0},"end":{"line":138,"column":5}},"138":{"start":{"line":139,"column":0},"end":{"line":139,"column":4}},"140":{"start":{"line":141,"column":0},"end":{"line":141,"column":26}},"141":{"start":{"line":142,"column":0},"end":{"line":142,"column":47}},"142":{"start":{"line":143,"column":0},"end":{"line":143,"column":40}},"143":{"start":{"line":144,"column":0},"end":{"line":144,"column":21}},"144":{"start":{"line":145,"column":0},"end":{"line":145,"column":7}},"145":{"start":{"line":146,"column":0},"end":{"line":146,"column":3}},"147":{"start":{"line":148,"column":0},"end":{"line":148,"column":30}},"149":{"start":{"line":150,"column":0},"end":{"line":150,"column":43}},"150":{"start":{"line":151,"column":0},"end":{"line":151,"column":49}},"151":{"start":{"line":152,"column":0},"end":{"line":152,"column":37}},"152":{"start":{"line":153,"column":0},"end":{"line":153,"column":20}},"153":{"start":{"line":154,"column":0},"end":{"line":154,"column":27}},"154":{"start":{"line":155,"column":0},"end":{"line":155,"column":27}},"155":{"start":{"line":156,"column":0},"end":{"line":156,"column":9}},"156":{"start":{"line":157,"column":0},"end":{"line":157,"column":7}},"157":{"start":{"line":158,"column":0},"end":{"line":158,"column":3}},"159":{"start":{"line":160,"column":0},"end":{"line":160,"column":11}},"160":{"start":{"line":161,"column":0},"end":{"line":161,"column":31}},"161":{"start":{"line":162,"column":0},"end":{"line":162,"column":37}},"162":{"start":{"line":163,"column":0},"end":{"line":163,"column":29}},"163":{"start":{"line":164,"column":0},"end":{"line":164,"column":35}},"166":{"start":{"line":167,"column":0},"end":{"line":167,"column":34}},"167":{"start":{"line":168,"column":0},"end":{"line":168,"column":3}},"169":{"start":{"line":170,"column":0},"end":{"line":170,"column":61}},"170":{"start":{"line":171,"column":0},"end":{"line":171,"column":50}},"171":{"start":{"line":172,"column":0},"end":{"line":172,"column":38}},"173":{"start":{"line":174,"column":0},"end":{"line":174,"column":61}},"175":{"start":{"line":176,"column":0},"end":{"line":176,"column":40}},"176":{"start":{"line":177,"column":0},"end":{"line":177,"column":40}},"178":{"start":{"line":179,"column":0},"end":{"line":179,"column":22}},"179":{"start":{"line":180,"column":0},"end":{"line":180,"column":71}},"180":{"start":{"line":181,"column":0},"end":{"line":181,"column":72}},"181":{"start":{"line":182,"column":0},"end":{"line":182,"column":4}},"183":{"start":{"line":184,"column":0},"end":{"line":184,"column":37}},"184":{"start":{"line":185,"column":0},"end":{"line":185,"column":35}},"185":{"start":{"line":186,"column":0},"end":{"line":186,"column":35}},"186":{"start":{"line":187,"column":0},"end":{"line":187,"column":36}},"187":{"start":{"line":188,"column":0},"end":{"line":188,"column":4}},"188":{"start":{"line":189,"column":0},"end":{"line":189,"column":1}}},"s":{"0":1,"1":1,"4":1,"8":1,"9":8,"11":8,"12":8,"13":8,"14":8,"16":8,"18":8,"19":8,"22":8,"23":8,"24":8,"25":8,"28":8,"29":8,"30":8,"31":8,"32":8,"33":8,"34":8,"35":8,"36":8,"39":8,"42":8,"43":8,"44":8,"45":8,"46":8,"47":8,"48":8,"49":8,"50":8,"51":8,"54":8,"55":8,"56":8,"57":8,"58":8,"59":8,"60":8,"63":8,"64":8,"65":8,"66":8,"67":8,"68":8,"69":8,"70":8,"72":8,"73":8,"74":8,"75":8,"76":8,"77":8,"78":8,"79":8,"80":8,"81":8,"82":8,"84":8,"87":8,"88":8,"89":8,"90":8,"91":8,"92":8,"93":8,"96":8,"97":8,"98":8,"99":8,"100":8,"101":8,"102":8,"105":8,"106":8,"107":8,"108":8,"109":8,"110":8,"111":8,"112":8,"113":8,"114":8,"117":8,"118":8,"119":8,"120":8,"121":8,"122":8,"123":8,"124":8,"125":8,"126":8,"127":8,"129":8,"130":1,"131":1,"133":1,"135":1,"136":1,"137":1,"138":1,"140":8,"141":0,"142":0,"143":0,"144":0,"145":0,"147":8,"149":0,"150":0,"151":0,"152":0,"153":0,"154":0,"155":0,"156":0,"157":0,"159":8,"160":0,"161":0,"162":0,"163":0,"166":0,"167":0,"169":8,"170":0,"171":0,"173":0,"175":0,"176":0,"178":0,"179":0,"180":0,"181":0,"183":8,"184":0,"185":0,"186":0,"187":0,"188":8},"branchMap":{"0":{"type":"branch","line":9,"loc":{"start":{"line":9,"column":7},"end":{"line":189,"column":1}},"locations":[{"start":{"line":9,"column":7},"end":{"line":189,"column":1}}]},"1":{"type":"branch","line":19,"loc":{"start":{"line":19,"column":2},"end":{"line":71,"column":3}},"locations":[{"start":{"line":19,"column":2},"end":{"line":71,"column":3}}]},"2":{"type":"branch","line":73,"loc":{"start":{"line":73,"column":10},"end":{"line":128,"column":3}},"locations":[{"start":{"line":73,"column":10},"end":{"line":128,"column":3}}]},"3":{"type":"branch","line":130,"loc":{"start":{"line":130,"column":24},"end":{"line":139,"column":4}},"locations":[{"start":{"line":130,"column":24},"end":{"line":139,"column":4}}]},"4":{"type":"branch","line":132,"loc":{"start":{"line":132,"column":31},"end":{"line":132,"column":70}},"locations":[{"start":{"line":132,"column":31},"end":{"line":132,"column":70}}]}},"b":{"0":[8],"1":[8],"2":[8],"3":[1],"4":[0]},"fnMap":{"0":{"name":"<instance_members_initializer>","decl":{"start":{"line":9,"column":7},"end":{"line":189,"column":1}},"loc":{"start":{"line":9,"column":7},"end":{"line":189,"column":1}},"line":9},"1":{"name":"VaultHandle","decl":{"start":{"line":19,"column":2},"end":{"line":71,"column":3}},"loc":{"start":{"line":19,"column":2},"end":{"line":71,"column":3}},"line":19},"2":{"name":"addHandleMarkers","decl":{"start":{"line":73,"column":10},"end":{"line":128,"column":3}},"loc":{"start":{"line":73,"column":10},"end":{"line":128,"column":3}},"line":73},"3":{"name":"handleInput","decl":{"start":{"line":130,"column":24},"end":{"line":139,"column":4}},"loc":{"start":{"line":130,"column":24},"end":{"line":139,"column":4}},"line":130},"4":{"name":"rotate","decl":{"start":{"line":141,"column":2},"end":{"line":146,"column":3}},"loc":{"start":{"line":141,"column":2},"end":{"line":146,"column":3}},"line":141},"5":{"name":"spinCrazy","decl":{"start":{"line":148,"column":2},"end":{"line":158,"column":3}},"loc":{"start":{"line":148,"column":2},"end":{"line":158,"column":3}},"line":148},"6":{"name":"reset","decl":{"start":{"line":160,"column":2},"end":{"line":168,"column":3}},"loc":{"start":{"line":160,"column":2},"end":{"line":168,"column":3}},"line":160},"7":{"name":"showDirectionHint","decl":{"start":{"line":170,"column":30},"end":{"line":182,"column":4}},"loc":{"start":{"line":170,"column":30},"end":{"line":182,"column":4}},"line":170},"8":{"name":"hideDirectionHint","decl":{"start":{"line":184,"column":30},"end":{"line":188,"column":4}},"loc":{"start":{"line":184,"column":30},"end":{"line":188,"column":4}},"line":184}},"f":{"0":8,"1":8,"2":8,"3":1,"4":0,"5":0,"6":0,"7":0,"8":0}}
,"E:\\For Me\\Job\\BG Sofia\\DreamShot\\renew\\vault-unlock-mini-game\\src\\game\\constants.ts": {"path":"E:\\For Me\\Job\\BG Sofia\\DreamShot\\renew\\vault-unlock-mini-game\\src\\game\\constants.ts","all":false,"statementMap":{"0":{"start":{"line":1,"column":0},"end":{"line":1,"column":45}},"1":{"start":{"line":2,"column":0},"end":{"line":2,"column":66}},"3":{"start":{"line":4,"column":0},"end":{"line":4,"column":23}},"4":{"start":{"line":5,"column":0},"end":{"line":5,"column":37}},"5":{"start":{"line":6,"column":0},"end":{"line":6,"column":37}},"6":{"start":{"line":7,"column":0},"end":{"line":7,"column":36}},"7":{"start":{"line":8,"column":0},"end":{"line":8,"column":37}},"8":{"start":{"line":9,"column":0},"end":{"line":9,"column":35}},"9":{"start":{"line":10,"column":0},"end":{"line":10,"column":34}},"10":{"start":{"line":11,"column":0},"end":{"line":11,"column":2}}},"s":{"0":1,"1":1,"3":1,"4":1,"5":1,"6":1,"7":1,"8":1,"9":1,"10":1},"branchMap":{},"b":{},"fnMap":{},"f":{}}
,"E:\\For Me\\Job\\BG Sofia\\DreamShot\\renew\\vault-unlock-mini-game\\src\\game\\types.ts": {"path":"E:\\For Me\\Job\\BG Sofia\\DreamShot\\renew\\vault-unlock-mini-game\\src\\game\\types.ts","all":false,"statementMap":{"0":{"start":{"line":1,"column":0},"end":{"line":1,"column":23}},"1":{"start":{"line":2,"column":0},"end":{"line":2,"column":9}},"2":{"start":{"line":3,"column":0},"end":{"line":3,"column":8}},"3":{"start":{"line":4,"column":0},"end":{"line":4,"column":10}},"4":{"start":{"line":5,"column":0},"end":{"line":5,"column":7}},"5":{"start":{"line":6,"column":0},"end":{"line":6,"column":12}}},"s":{"0":1,"1":1,"2":1,"3":1,"4":1,"5":1},"branchMap":{"0":{"type":"branch","line":1,"loc":{"start":{"line":1,"column":7},"end":{"line":1,"column":23}},"locations":[{"start":{"line":1,"column":7},"end":{"line":1,"column":23}}]}},"b":{"0":[1]},"fnMap":{},"f":{}}
}
